# JRE version: Java(TM) SE Runtime Environment (9.0+11) (build 9.0.4+11)
# Java VM: Java HotSpot(TM) 64-Bit Server VM (9.0.4+11, mixed mode, tiered, compressed oops, g1 gc, windows-amd64)
Heap:
 garbage-first heap   total 209920K, used 109047K [0x0000000700000000, 0x0000000700100668, 0x00000007c0000000)
  region size 1024K, 19 young (19456K), 7 survivors (7168K)
 Metaspace       used 79536K, capacity 85029K, committed 85224K, reserved 1122304K
  class space    used 10771K, capacity 11747K, committed 11796K, reserved 1048576K
GC Heap History (10 events):
Event: 258.790 GC heap before
{Heap before GC invocations=115 (full 3):
 garbage-first heap   total 209920K, used 151985K [0x0000000700000000, 0x0000000700100668, 0x00000007c0000000)
  region size 1024K, 60 young (61440K), 4 survivors (4096K)
 Metaspace       used 79471K, capacity 85017K, committed 85224K, reserved 1122304K
  class space    used 10770K, capacity 11745K, committed 11796K, reserved 1048576K
}
Event: 258.796 GC heap after
{Heap after GC invocations=116 (full 3):
 garbage-first heap   total 209920K, used 94637K [0x0000000700000000, 0x0000000700100668, 0x00000007c0000000)
  region size 1024K, 4 young (4096K), 4 survivors (4096K)
 Metaspace       used 79471K, capacity 85017K, committed 85224K, reserved 1122304K
  class space    used 10770K, capacity 11745K, committed 11796K, reserved 1048576K
}
Event: 261.125 GC heap before
{Heap before GC invocations=116 (full 3):
 garbage-first heap   total 209920K, used 151981K [0x0000000700000000, 0x0000000700100668, 0x00000007c0000000)
  region size 1024K, 60 young (61440K), 4 survivors (4096K)
 Metaspace       used 79493K, capacity 85023K, committed 85224K, reserved 1122304K
  class space    used 10771K, capacity 11746K, committed 11796K, reserved 1048576K
}
Event: 261.133 GC heap after
{Heap after GC invocations=117 (full 3):
 garbage-first heap   total 209920K, used 95056K [0x0000000700000000, 0x0000000700100668, 0x00000007c0000000)
  region size 1024K, 4 young (4096K), 4 survivors (4096K)
 Metaspace       used 79493K, capacity 85023K, committed 85224K, reserved 1122304K
  class space    used 10771K, capacity 11746K, committed 11796K, reserved 1048576K
}
Event: 261.372 GC heap before
{Heap before GC invocations=117 (full 3):
 garbage-first heap   total 209920K, used 152400K [0x0000000700000000, 0x0000000700100668, 0x00000007c0000000)
  region size 1024K, 60 young (61440K), 4 survivors (4096K)
 Metaspace       used 79498K, capacity 85023K, committed 85224K, reserved 1122304K
  class space    used 10771K, capacity 11746K, committed 11796K, reserved 1048576K
}
Event: 261.377 GC heap after
{Heap after GC invocations=118 (full 3):
 garbage-first heap   total 209920K, used 94723K [0x0000000700000000, 0x0000000700100668, 0x00000007c0000000)
  region size 1024K, 4 young (4096K), 4 survivors (4096K)
 Metaspace       used 79498K, capacity 85023K, committed 85224K, reserved 1122304K
  class space    used 10771K, capacity 11746K, committed 11796K, reserved 1048576K
}
Event: 264.157 GC heap before
{Heap before GC invocations=118 (full 3):
 garbage-first heap   total 209920K, used 152067K [0x0000000700000000, 0x0000000700100668, 0x00000007c0000000)
  region size 1024K, 60 young (61440K), 4 survivors (4096K)
 Metaspace       used 79516K, capacity 85023K, committed 85224K, reserved 1122304K
  class space    used 10771K, capacity 11746K, committed 11796K, reserved 1048576K
}
Event: 264.162 GC heap after
{Heap after GC invocations=119 (full 3):
 garbage-first heap   total 209920K, used 94662K [0x0000000700000000, 0x0000000700100668, 0x00000007c0000000)
  region size 1024K, 4 young (4096K), 4 survivors (4096K)
 Metaspace       used 79516K, capacity 85023K, committed 85224K, reserved 1122304K
  class space    used 10771K, capacity 11746K, committed 11796K, reserved 1048576K
}
Event: 264.483 GC heap before
{Heap before GC invocations=119 (full 3):
 garbage-first heap   total 209920K, used 152006K [0x0000000700000000, 0x0000000700100668, 0x00000007c0000000)
  region size 1024K, 60 young (61440K), 4 survivors (4096K)
 Metaspace       used 79536K, capacity 85029K, committed 85224K, reserved 1122304K
  class space    used 10771K, capacity 11747K, committed 11796K, reserved 1048576K
}
Event: 264.492 GC heap after
{Heap after GC invocations=120 (full 3):
 garbage-first heap   total 209920K, used 97783K [0x0000000700000000, 0x0000000700100668, 0x00000007c0000000)
  region size 1024K, 7 young (7168K), 7 survivors (7168K)
 Metaspace       used 79536K, capacity 85029K, committed 85224K, reserved 1122304K
  class space    used 10771K, capacity 11747K, committed 11796K, reserved 1048576K
}

