# JRE version: Java(TM) SE Runtime Environment (9.0+11) (build 9.0.4+11)
# Java VM: Java HotSpot(TM) 64-Bit Server VM (9.0.4+11, mixed mode, tiered, compressed oops, g1 gc, windows-amd64)
Heap:
 garbage-first heap   total 459776K, used 247852K [0x0000000700000000, 0x0000000700100e08, 0x00000007c0000000)
  region size 1024K, 44 young (45056K), 4 survivors (4096K)
 Metaspace       used 105536K, capacity 110781K, committed 112944K, reserved 1144832K
  class space    used 15257K, capacity 16201K, committed 16688K, reserved 1048576K
GC Heap History (10 events):
Event: 9066.870 GC heap before
{Heap before GC invocations=1477 (full 91):
 garbage-first heap   total 459776K, used 259552K [0x0000000700000000, 0x0000000700100e08, 0x00000007c0000000)
  region size 1024K, 60 young (61440K), 3 survivors (3072K)
 Metaspace       used 105461K, capacity 110671K, committed 112944K, reserved 1144832K
  class space    used 15243K, capacity 16166K, committed 16688K, reserved 1048576K
}
Event: 9066.875 GC heap after
{Heap after GC invocations=1478 (full 91):
 garbage-first heap   total 459776K, used 200878K [0x0000000700000000, 0x0000000700100e08, 0x00000007c0000000)
  region size 1024K, 3 young (3072K), 3 survivors (3072K)
 Metaspace       used 105461K, capacity 110671K, committed 112944K, reserved 1144832K
  class space    used 15243K, capacity 16166K, committed 16688K, reserved 1048576K
}
Event: 9074.215 GC heap before
{Heap before GC invocations=1478 (full 91):
 garbage-first heap   total 459776K, used 269486K [0x0000000700000000, 0x0000000700100e08, 0x00000007c0000000)
  region size 1024K, 60 young (61440K), 3 survivors (3072K)
 Metaspace       used 105466K, capacity 110671K, committed 112944K, reserved 1144832K
  class space    used 15243K, capacity 16166K, committed 16688K, reserved 1048576K
}
Event: 9074.220 GC heap after
{Heap after GC invocations=1479 (full 91):
 garbage-first heap   total 459776K, used 211361K [0x0000000700000000, 0x0000000700100e08, 0x00000007c0000000)
  region size 1024K, 3 young (3072K), 3 survivors (3072K)
 Metaspace       used 105466K, capacity 110671K, committed 112944K, reserved 1144832K
  class space    used 15243K, capacity 16166K, committed 16688K, reserved 1048576K
}
Event: 9075.397 GC heap before
{Heap before GC invocations=1479 (full 91):
 garbage-first heap   total 459776K, used 277921K [0x0000000700000000, 0x0000000700100e08, 0x00000007c0000000)
  region size 1024K, 60 young (61440K), 3 survivors (3072K)
 Metaspace       used 105470K, capacity 110679K, committed 112944K, reserved 1144832K
  class space    used 15244K, capacity 16168K, committed 16688K, reserved 1048576K
}
Event: 9075.402 GC heap after
{Heap after GC invocations=1480 (full 91):
 garbage-first heap   total 459776K, used 209954K [0x0000000700000000, 0x0000000700100e08, 0x00000007c0000000)
  region size 1024K, 4 young (4096K), 4 survivors (4096K)
 Metaspace       used 105470K, capacity 110679K, committed 112944K, reserved 1144832K
  class space    used 15244K, capacity 16168K, committed 16688K, reserved 1048576K
}
Event: 9075.530 GC heap before
{Heap before GC invocations=1480 (full 91):
 garbage-first heap   total 459776K, used 267298K [0x0000000700000000, 0x0000000700100e08, 0x00000007c0000000)
  region size 1024K, 60 young (61440K), 4 survivors (4096K)
 Metaspace       used 105489K, capacity 110685K, committed 112944K, reserved 1144832K
  class space    used 15245K, capacity 16169K, committed 16688K, reserved 1048576K
}
Event: 9075.535 GC heap after
{Heap after GC invocations=1481 (full 91):
 garbage-first heap   total 459776K, used 207818K [0x0000000700000000, 0x0000000700100e08, 0x00000007c0000000)
  region size 1024K, 4 young (4096K), 4 survivors (4096K)
 Metaspace       used 105489K, capacity 110685K, committed 112944K, reserved 1144832K
  class space    used 15245K, capacity 16169K, committed 16688K, reserved 1048576K
}
Event: 9075.693 GC heap before
{Heap before GC invocations=1481 (full 91):
 garbage-first heap   total 459776K, used 265162K [0x0000000700000000, 0x0000000700100e08, 0x00000007c0000000)
  region size 1024K, 60 young (61440K), 4 survivors (4096K)
 Metaspace       used 105505K, capacity 110749K, committed 112944K, reserved 1144832K
  class space    used 15247K, capacity 16169K, committed 16688K, reserved 1048576K
}
Event: 9075.698 GC heap after
{Heap after GC invocations=1482 (full 91):
 garbage-first heap   total 459776K, used 207916K [0x0000000700000000, 0x0000000700100e08, 0x00000007c0000000)
  region size 1024K, 4 young (4096K), 4 survivors (4096K)
 Metaspace       used 105505K, capacity 110749K, committed 112944K, reserved 1144832K
  class space    used 15247K, capacity 16169K, committed 16688K, reserved 1048576K
}

